<?xml version="1.0" encoding="UTF-8"?>
<!-- Generated by org.testng.reporters.JUnitReportReporter -->
<testsuite hostname="DESKTOP-LVD2BN5" failures="0" tests="1" name="org.grid.drivers.RcDriver2" time="5.022" errors="0" timestamp="2023-06-08T12:52:55 IST" skipped="0">
  <testcase classname="org.grid.drivers.RcDriver2" name="scenario1" time="5.022"/>
  <system-out/>
</testsuite> <!-- org.grid.drivers.RcDriver2 -->
