<?xml version="1.0" encoding="UTF-8"?>
<!-- Generated by org.testng.reporters.JUnitReportReporter -->
<testsuite hostname="DESKTOP-LVD2BN5" failures="0" tests="2" name="org.grid.drivers.TJTestClass" time="24.739" errors="0" timestamp="2023-06-08T14:26:20 IST" skipped="0">
  <testcase classname="org.grid.drivers.TJTestClass" name="appleSite" time="12.247"/>
  <system-out/>
  <testcase classname="org.grid.drivers.TJTestClass" name="appleSite" time="12.492"/>
  <system-out/>
</testsuite> <!-- org.grid.drivers.TJTestClass -->
