<?xml version="1.0" encoding="UTF-8"?>
<!-- Generated by org.testng.reporters.JUnitReportReporter -->
<testsuite hostname="DESKTOP-LVD2BN5" failures="0" tests="1" name="org.base.testcases.TestCase1" time="2.218" errors="0" timestamp="2023-06-07T11:59:58 IST" skipped="0">
  <testcase classname="org.base.testcases.TestCase1" name="test1" time="2.218"/>
  <system-out/>
</testsuite> <!-- org.base.testcases.TestCase1 -->
